<?xml version="1.0" encoding="UTF-8"?>
<testsuite name="HarGenerator" tests="1" skipped="0" failures="0" errors="0" timestamp="2023-03-25T11:53:33" hostname="roman-desktop" time="9.616">
  <properties/>
  <testcase name="generateHar()" classname="HarGenerator" time="9.616"/>
  <system-out><![CDATA[Har file saved to /home/roman/IdeaProjects/harConverter/har-file-generator/logOfBrowser2023-03-25_14_53_43.har
]]></system-out>
  <system-err><![CDATA[SLF4J: No SLF4J providers were found.
SLF4J: Defaulting to no-operation (NOP) logger implementation
SLF4J: See https://www.slf4j.org/codes.html#noProviders for further details.
Starting ChromeDriver 111.0.5563.64 (c710e93d5b63b7095afe8c2c17df34408078439d-refs/branch-heads/5563@{#995}) on port 23518
Only local connections are allowed.
Please see https://chromedriver.chromium.org/security-considerations for suggestions on keeping ChromeDriver safe.
ChromeDriver was started successfully.
мар 25, 2023 2:53:35 PM org.openqa.selenium.devtools.CdpVersionFinder findNearestMatch
WARNING: Unable to find an exact match for CDP version 111, so returning the closest version found: 110
]]></system-err>
</testsuite>
